[1 - Suricata-Main] 2025-03-20 02:24:46 Notice: suricata: This is Suricata version 7.0.9 RELEASE running in SYSTEM mode
[1 - Suricata-Main] 2025-03-20 02:24:46 Info: cpu: CPUs/cores online: 8
[1 - Suricata-Main] 2025-03-20 02:24:46 Info: suricata: Setting engine mode to IDS mode by default
[1 - Suricata-Main] 2025-03-20 02:24:46 Info: exception-policy: master exception-policy set to: auto
[1 - Suricata-Main] 2025-03-20 02:24:46 Info: conf: Running in live mode, activating unix socket
[1 - Suricata-Main] 2025-03-20 02:24:46 Info: logopenfile: fast output device (regular) initialized: fast.log
[1 - Suricata-Main] 2025-03-20 02:24:46 Info: logopenfile: eve-log output device (regular) initialized: eve.json
[1 - Suricata-Main] 2025-03-20 02:24:46 Info: logopenfile: stats output device (regular) initialized: stats.log
[1 - Suricata-Main] 2025-03-20 02:24:49 Info: detect: 1 rule files processed. 42554 rules successfully loaded, 0 rules failed, 0
[1 - Suricata-Main] 2025-03-20 02:24:49 Info: threshold-config: Threshold config parsed: 0 rule(s) found
[1 - Suricata-Main] 2025-03-20 02:24:49 Info: detect: 42557 signatures processed. 1291 are IP-only rules, 4333 are inspecting packet payload, 36716 inspect application layer, 109 are decoder event only
[1 - Suricata-Main] 2025-03-20 02:24:53 Error: af-packet: eth0: failed to find interface type: No such device
[1 - Suricata-Main] 2025-03-20 02:24:53 Warning: af-packet: eth0: AF_PACKET tpacket-v3 is recommended for non-inline operation
[1 - Suricata-Main] 2025-03-20 02:24:53 Info: runmodes: eth0: creating 8 threads
[1 - Suricata-Main] 2025-03-20 02:24:53 Info: unix-manager: unix socket '/var/run/suricata/suricata-command.socket'
[12 - W#01-eth0] 2025-03-20 02:24:53 Error: af-packet: eth0: failed to find interface: No such device
[12 - W#01-eth0] 2025-03-20 02:24:53 Error: af-packet: eth0: failed to init socket for interface
[1 - Suricata-Main] 2025-03-20 02:24:53 Error: threads: thread "W#01-eth0" failed to start: flags 0423
[1 - Suricata-Main] 2025-03-20 02:24:56 Notice: suricata: This is Suricata version 7.0.9 RELEASE running in SYSTEM mode
[1 - Suricata-Main] 2025-03-20 02:24:56 Info: cpu: CPUs/cores online: 8
[1 - Suricata-Main] 2025-03-20 02:24:56 Info: suricata: Setting engine mode to IDS mode by default
[1 - Suricata-Main] 2025-03-20 02:24:56 Info: exception-policy: master exception-policy set to: auto
[1 - Suricata-Main] 2025-03-20 02:24:56 Info: conf: Running in live mode, activating unix socket
[1 - Suricata-Main] 2025-03-20 02:24:56 Info: logopenfile: fast output device (regular) initialized: fast.log
[1 - Suricata-Main] 2025-03-20 02:24:56 Info: logopenfile: eve-log output device (regular) initialized: eve.json
[1 - Suricata-Main] 2025-03-20 02:24:56 Info: logopenfile: stats output device (regular) initialized: stats.log
[1 - Suricata-Main] 2025-03-20 02:24:59 Info: detect: 1 rule files processed. 42554 rules successfully loaded, 0 rules failed, 0
[1 - Suricata-Main] 2025-03-20 02:24:59 Info: threshold-config: Threshold config parsed: 0 rule(s) found
[1 - Suricata-Main] 2025-03-20 02:24:59 Info: detect: 42557 signatures processed. 1291 are IP-only rules, 4333 are inspecting packet payload, 36716 inspect application layer, 109 are decoder event only
[1 - Suricata-Main] 2025-03-20 02:25:05 Error: af-packet: eth0: failed to find interface type: No such device
[1 - Suricata-Main] 2025-03-20 02:25:05 Warning: af-packet: eth0: AF_PACKET tpacket-v3 is recommended for non-inline operation
[1 - Suricata-Main] 2025-03-20 02:25:05 Info: runmodes: eth0: creating 8 threads
[1 - Suricata-Main] 2025-03-20 02:25:05 Info: unix-manager: unix socket '/var/run/suricata/suricata-command.socket'
[12 - W#01-eth0] 2025-03-20 02:25:05 Error: af-packet: eth0: failed to find interface: No such device
[12 - W#01-eth0] 2025-03-20 02:25:05 Error: af-packet: eth0: failed to init socket for interface
[1 - Suricata-Main] 2025-03-20 02:25:05 Error: threads: thread "W#01-eth0" failed to start: flags 0423
[1 - Suricata-Main] 2025-03-20 02:25:08 Notice: suricata: This is Suricata version 7.0.9 RELEASE running in SYSTEM mode
[1 - Suricata-Main] 2025-03-20 02:25:08 Info: cpu: CPUs/cores online: 8
[1 - Suricata-Main] 2025-03-20 02:25:08 Info: suricata: Setting engine mode to IDS mode by default
[1 - Suricata-Main] 2025-03-20 02:25:08 Info: exception-policy: master exception-policy set to: auto
[1 - Suricata-Main] 2025-03-20 02:25:08 Info: conf: Running in live mode, activating unix socket
[1 - Suricata-Main] 2025-03-20 02:25:08 Info: logopenfile: fast output device (regular) initialized: fast.log
[1 - Suricata-Main] 2025-03-20 02:25:08 Info: logopenfile: eve-log output device (regular) initialized: eve.json
[1 - Suricata-Main] 2025-03-20 02:25:08 Info: logopenfile: stats output device (regular) initialized: stats.log
[1 - Suricata-Main] 2025-03-20 02:25:12 Info: detect: 1 rule files processed. 42554 rules successfully loaded, 0 rules failed, 0
[1 - Suricata-Main] 2025-03-20 02:25:12 Info: threshold-config: Threshold config parsed: 0 rule(s) found
[1 - Suricata-Main] 2025-03-20 02:25:12 Info: detect: 42557 signatures processed. 1291 are IP-only rules, 4333 are inspecting packet payload, 36716 inspect application layer, 109 are decoder event only
[1 - Suricata-Main] 2025-03-20 02:25:17 Error: af-packet: eth0: failed to find interface type: No such device
[1 - Suricata-Main] 2025-03-20 02:25:17 Warning: af-packet: eth0: AF_PACKET tpacket-v3 is recommended for non-inline operation
[1 - Suricata-Main] 2025-03-20 02:25:17 Info: runmodes: eth0: creating 8 threads
[1 - Suricata-Main] 2025-03-20 02:25:17 Info: unix-manager: unix socket '/var/run/suricata/suricata-command.socket'
[12 - W#01-eth0] 2025-03-20 02:25:17 Error: af-packet: eth0: failed to find interface: No such device
[12 - W#01-eth0] 2025-03-20 02:25:17 Error: af-packet: eth0: failed to init socket for interface
[1 - Suricata-Main] 2025-03-20 02:25:17 Error: threads: thread "W#01-eth0" failed to start: flags 0423
[1 - Suricata-Main] 2025-03-20 02:25:19 Notice: suricata: This is Suricata version 7.0.9 RELEASE running in SYSTEM mode
[1 - Suricata-Main] 2025-03-20 02:25:19 Info: cpu: CPUs/cores online: 8
[1 - Suricata-Main] 2025-03-20 02:25:19 Info: suricata: Setting engine mode to IDS mode by default
[1 - Suricata-Main] 2025-03-20 02:25:19 Info: exception-policy: master exception-policy set to: auto
[1 - Suricata-Main] 2025-03-20 02:25:19 Info: conf: Running in live mode, activating unix socket
[1 - Suricata-Main] 2025-03-20 02:25:19 Info: logopenfile: fast output device (regular) initialized: fast.log
[1 - Suricata-Main] 2025-03-20 02:25:19 Info: logopenfile: eve-log output device (regular) initialized: eve.json
[1 - Suricata-Main] 2025-03-20 02:25:19 Info: logopenfile: stats output device (regular) initialized: stats.log
